<?xml version="1.0" encoding="UTF-8"?>
<testsuite xmlns:xsi="http://www.w3.org/2001/XMLSchema-instance" xsi:noNamespaceSchemaLocation="https://maven.apache.org/surefire/maven-surefire-plugin/xsd/surefire-test-report.xsd" name="guru.springframework.sfgpetclinic.services.map.OwnerMapServiceTest" time="0.08" tests="8" errors="0" skipped="0" failures="0">
  <properties>
[...]
</properties>
  <testcase name="saveNoId" classname="guru.springframework.sfgpetclinic.services.map.OwnerMapServiceTest" time="0.05"/>
  <testcase name="findByLastnameNotFound" classname="guru.springframework.sfgpetclinic.services.map.OwnerMapServiceTest" time="0.002"/>
  <testcase name="saveExistingId" classname="guru.springframework.sfgpetclinic.services.map.OwnerMapServiceTest" time="0.005"/>
  <testcase name="delete" classname="guru.springframework.sfgpetclinic.services.map.OwnerMapServiceTest" time="0.001"/>
  <testcase name="findAll" classname="guru.springframework.sfgpetclinic.services.map.OwnerMapServiceTest" time="0.001"/>
  <testcase name="findById" classname="guru.springframework.sfgpetclinic.services.map.OwnerMapServiceTest" time="0.001"/>
  <testcase name="findByLastname" classname="guru.springframework.sfgpetclinic.services.map.OwnerMapServiceTest" time="0.001"/>
  <testcase name="deleteById" classname="guru.springframework.sfgpetclinic.services.map.OwnerMapServiceTest" time="0.002"/>
</testsuite>